2021-06-10 00:33:11 URL:https://raw.githubusercontent.com/PolishFiltersTeam/KADhosts/master/KADhosts.txt [640469/640469] -> "target/KADhosts.txt" [1]
2021-06-10 00:33:16 URL:https://raw.githubusercontent.com/FadeMind/hosts.extras/master/add.Spam/hosts [2087/2087] -> "target/hosts" [1]
2021-06-10 00:33:21 URL:https://v.firebog.net/hosts/static/w3kbl.txt [18107] -> "target/w3kbl.txt" [1]
2021-06-10 00:33:25 URL:https://adaway.org/hosts.txt [320087/320087] -> "target/hosts.txt" [1]
2021-06-10 00:33:28 URL:https://v.firebog.net/hosts/AdguardDNS.txt [581458] -> "target/AdguardDNS.txt" [1]
2021-06-10 00:33:32 URL:https://v.firebog.net/hosts/Admiral.txt [11598] -> "target/Admiral.txt" [1]
2021-06-10 00:33:36 URL:https://raw.githubusercontent.com/anudeepND/blacklist/master/adservers.txt [1347817/1347817] -> "target/adservers.txt" [1]
2021-06-10 00:33:40 URL:https://s3.amazonaws.com/lists.disconnect.me/simple_ad.txt [43616/43616] -> "target/simple_ad.txt" [1]
2021-06-10 00:33:44 URL:https://v.firebog.net/hosts/Easylist.txt [198012] -> "target/Easylist.txt" [1]
2021-06-10 00:33:52 URL:https://pgl.yoyo.org/adservers/serverlist.php?hostformat=hosts&showintro=0&mimetype=plaintext [96552] -> "target/serverlist.php?hostformat=hosts&showintro=0&mimetype=plaintext" [1]
2021-06-10 00:33:58 URL:https://raw.githubusercontent.com/FadeMind/hosts.extras/master/UncheckyAds/hosts [310/310] -> "target/hosts.1" [1]
2021-06-10 00:34:04 URL:https://raw.githubusercontent.com/bigdargon/hostsVN/master/hosts [491170/491170] -> "target/hosts.2" [1]
2021-06-10 00:34:10 URL:https://v.firebog.net/hosts/Easyprivacy.txt [205166] -> "target/Easyprivacy.txt" [1]
2021-06-10 00:34:15 URL:https://v.firebog.net/hosts/Prigent-Ads.txt [59286] -> "target/Prigent-Ads.txt" [1]
2021-06-10 00:34:22 URL:https://raw.githubusercontent.com/FadeMind/hosts.extras/master/add.2o7Net/hosts [43235/43235] -> "target/hosts.3" [1]
2021-06-10 00:34:25 URL:https://raw.githubusercontent.com/crazy-max/WindowsSpyBlocker/master/data/hosts/spy.txt [13290/13290] -> "target/spy.txt" [1]
2021-06-10 00:34:30 URL:https://hostfiles.frogeye.fr/firstparty-trackers-hosts.txt [1683959/1683959] -> "target/firstparty-trackers-hosts.txt" [1]
2021-06-10 00:34:36 URL:https://raw.githubusercontent.com/DandelionSprout/adfilt/master/Alternate%20versions%20Anti-Malware%20List/AntiMalwareHosts.txt [15481/15481] -> "target/AntiMalwareHosts.txt" [1]
2021-06-10 00:34:40 URL:https://osint.digitalside.it/Threat-Intel/lists/latestdomains.txt [1477/1477] -> "target/latestdomains.txt" [1]
2021-06-10 00:34:45 URL:https://s3.amazonaws.com/lists.disconnect.me/simple_malvertising.txt [44155/44155] -> "target/simple_malvertising.txt" [1]
2021-06-10 00:34:49 URL:https://v.firebog.net/hosts/Prigent-Crypto.txt [245069] -> "target/Prigent-Crypto.txt" [1]
2021-06-10 00:34:55 URL:https://bitbucket.org/ethanr/dns-blacklists/raw/8575c9f96e5b4a1308f2f12394abd86d0927a4a0/bad_lists/Mandiant_APT1_Report_Appendix_D.txt [43844/43844] -> "target/Mandiant_APT1_Report_Appendix_D.txt" [1]
2021-06-10 00:35:01 URL:https://phishing.army/download/phishing_army_blocklist_extended.txt [779727] -> "target/phishing_army_blocklist_extended.txt" [1]
2021-06-10 00:35:07 URL:https://gitlab.com/quidsup/notrack-blocklists/raw/master/notrack-malware.txt [12405] -> "target/notrack-malware.txt" [1]
2021-06-10 00:35:10 URL:https://v.firebog.net/hosts/Shalla-mal.txt [331556] -> "target/Shalla-mal.txt" [1]
2021-06-10 00:35:17 URL:https://raw.githubusercontent.com/Spam404/lists/master/main-blacklist.txt [146905/146905] -> "target/main-blacklist.txt" [1]
2021-06-10 00:35:24 URL:https://raw.githubusercontent.com/FadeMind/hosts.extras/master/add.Risk/hosts [68299/68299] -> "target/hosts.4" [1]
2021-06-10 00:35:28 URL:https://urlhaus.abuse.ch/downloads/hostfile/ [40927/40927] -> "target/index.html" [1]
2021-06-10 00:35:35 URL:https://zerodot1.gitlab.io/CoinBlockerLists/hosts_browser [97745/97745] -> "target/hosts_browser" [1]
FINISHED --2021-06-10 00:35:35--
Total wall clock time: 2m 25s
Downloaded: 29 files, 7.2M in 9.8s (759 KB/s)
